zmeu
zmeu
zmeu
1395860685.07
[{u'text': u'Prime: True|False', u'_id': ObjectId('52f9d947964026464f756a9a'), u'contest': u'Test Contest'}, {u'text': u'ab:integer numbers', u'_id': ObjectId('52f9d95cb3c4b1efb309c618'), u'contest': u'Test Contest'}, {u'text': u'Faceti din nou submit, caci au intervenit niste schimbari', u'_id': ObjectId('52ff26c27d80ac071b792723'), u'contest': u'Colegii Seniori'}, {u'text': u'Faceti din nou submit, caci au intervenit niste schimbari', u'_id': ObjectId('52ff26e77d80ac071b792724'), u'contest': u'Colegii Juniori'}, {u'text': u'Mai sunt 30 minute', u'_id': ObjectId('52ff5069a12f2e5ffffee74a'), u'contest': u'Colegii Seniori'}, {u'text': u'Mai sunt 30 minute', u'_id': ObjectId('52ff5070a12f2e5ffffee74b'), u'contest': u'Colegii Juniori'}]
main
zmeu
1395860727.89
[{u'text': u'Prime: True|False', u'_id': ObjectId('52f9d947964026464f756a9a'), u'contest': u'Test Contest'}, {u'text': u'ab:integer numbers', u'_id': ObjectId('52f9d95cb3c4b1efb309c618'), u'contest': u'Test Contest'}, {u'text': u'Faceti din nou submit, caci au intervenit niste schimbari', u'_id': ObjectId('52ff26c27d80ac071b792723'), u'contest': u'Colegii Seniori'}, {u'text': u'Faceti din nou submit, caci au intervenit niste schimbari', u'_id': ObjectId('52ff26e77d80ac071b792724'), u'contest': u'Colegii Juniori'}, {u'text': u'Mai sunt 30 minute', u'_id': ObjectId('52ff5069a12f2e5ffffee74a'), u'contest': u'Colegii Seniori'}, {u'text': u'Mai sunt 30 minute', u'_id': ObjectId('52ff5070a12f2e5ffffee74b'), u'contest': u'Colegii Juniori'}]
zmeu
1396023331.79
1396023360.08
[{u'text': u'Prime: True|False', u'_id': ObjectId('52f9d947964026464f756a9a'), u'contest': u'Test Contest'}, {u'text': u'ab:integer numbers', u'_id': ObjectId('52f9d95cb3c4b1efb309c618'), u'contest': u'Test Contest'}, {u'text': u'Faceti din nou submit, caci au intervenit niste schimbari', u'_id': ObjectId('52ff26c27d80ac071b792723'), u'contest': u'Colegii Seniori'}, {u'text': u'Faceti din nou submit, caci au intervenit niste schimbari', u'_id': ObjectId('52ff26e77d80ac071b792724'), u'contest': u'Colegii Juniori'}, {u'text': u'Mai sunt 30 minute', u'_id': ObjectId('52ff5069a12f2e5ffffee74a'), u'contest': u'Colegii Seniori'}, {u'text': u'Mai sunt 30 minute', u'_id': ObjectId('52ff5070a12f2e5ffffee74b'), u'contest': u'Colegii Juniori'}]
main
zmeu
1396120990.76
[{u'text': u'Prime: True|False', u'_id': ObjectId('52f9d947964026464f756a9a'), u'contest': u'Test Contest'}, {u'text': u'ab:integer numbers', u'_id': ObjectId('52f9d95cb3c4b1efb309c618'), u'contest': u'Test Contest'}, {u'text': u'Faceti din nou submit, caci au intervenit niste schimbari', u'_id': ObjectId('52ff26c27d80ac071b792723'), u'contest': u'Colegii Seniori'}, {u'text': u'Faceti din nou submit, caci au intervenit niste schimbari', u'_id': ObjectId('52ff26e77d80ac071b792724'), u'contest': u'Colegii Juniori'}, {u'text': u'Mai sunt 30 minute', u'_id': ObjectId('52ff5069a12f2e5ffffee74a'), u'contest': u'Colegii Seniori'}, {u'text': u'Mai sunt 30 minute', u'_id': ObjectId('52ff5070a12f2e5ffffee74b'), u'contest': u'Colegii Juniori'}]
zmeu
zmeu
zmeu
zmeu
zmeu
1396269281.0
[{u'text': u'Prime: True|False', u'_id': ObjectId('52f9d947964026464f756a9a'), u'contest': u'Test Contest'}, {u'text': u'ab:integer numbers', u'_id': ObjectId('52f9d95cb3c4b1efb309c618'), u'contest': u'Test Contest'}, {u'text': u'Faceti din nou submit, caci au intervenit niste schimbari', u'_id': ObjectId('52ff26c27d80ac071b792723'), u'contest': u'Colegii Seniori'}, {u'text': u'Faceti din nou submit, caci au intervenit niste schimbari', u'_id': ObjectId('52ff26e77d80ac071b792724'), u'contest': u'Colegii Juniori'}, {u'text': u'Mai sunt 30 minute', u'_id': ObjectId('52ff5069a12f2e5ffffee74a'), u'contest': u'Colegii Seniori'}, {u'text': u'Mai sunt 30 minute', u'_id': ObjectId('52ff5070a12f2e5ffffee74b'), u'contest': u'Colegii Juniori'}]
zmeu
1396556415.22
[{u'text': u'Prime: True|False', u'_id': ObjectId('52f9d947964026464f756a9a'), u'contest': u'Test Contest'}, {u'text': u'ab:integer numbers', u'_id': ObjectId('52f9d95cb3c4b1efb309c618'), u'contest': u'Test Contest'}, {u'text': u'Faceti din nou submit, caci au intervenit niste schimbari', u'_id': ObjectId('52ff26c27d80ac071b792723'), u'contest': u'Colegii Seniori'}, {u'text': u'Faceti din nou submit, caci au intervenit niste schimbari', u'_id': ObjectId('52ff26e77d80ac071b792724'), u'contest': u'Colegii Juniori'}, {u'text': u'Mai sunt 30 minute', u'_id': ObjectId('52ff5069a12f2e5ffffee74a'), u'contest': u'Colegii Seniori'}, {u'text': u'Mai sunt 30 minute', u'_id': ObjectId('52ff5070a12f2e5ffffee74b'), u'contest': u'Colegii Juniori'}]
1398939293.4
[{u'text': u'Prime: True|False', u'_id': ObjectId('52f9d947964026464f756a9a'), u'contest': u'Test Contest'}, {u'text': u'ab:integer numbers', u'_id': ObjectId('52f9d95cb3c4b1efb309c618'), u'contest': u'Test Contest'}, {u'text': u'Faceti din nou submit, caci au intervenit niste schimbari', u'_id': ObjectId('52ff26c27d80ac071b792723'), u'contest': u'Colegii Seniori'}, {u'text': u'Faceti din nou submit, caci au intervenit niste schimbari', u'_id': ObjectId('52ff26e77d80ac071b792724'), u'contest': u'Colegii Juniori'}, {u'text': u'Mai sunt 30 minute', u'_id': ObjectId('52ff5069a12f2e5ffffee74a'), u'contest': u'Colegii Seniori'}, {u'text': u'Mai sunt 30 minute', u'_id': ObjectId('52ff5070a12f2e5ffffee74b'), u'contest': u'Colegii Juniori'}]
1398939358.84
[{u'text': u'Prime: True|False', u'_id': ObjectId('52f9d947964026464f756a9a'), u'contest': u'Test Contest'}, {u'text': u'ab:integer numbers', u'_id': ObjectId('52f9d95cb3c4b1efb309c618'), u'contest': u'Test Contest'}, {u'text': u'Faceti din nou submit, caci au intervenit niste schimbari', u'_id': ObjectId('52ff26c27d80ac071b792723'), u'contest': u'Colegii Seniori'}, {u'text': u'Faceti din nou submit, caci au intervenit niste schimbari', u'_id': ObjectId('52ff26e77d80ac071b792724'), u'contest': u'Colegii Juniori'}, {u'text': u'Mai sunt 30 minute', u'_id': ObjectId('52ff5069a12f2e5ffffee74a'), u'contest': u'Colegii Seniori'}, {u'text': u'Mai sunt 30 minute', u'_id': ObjectId('52ff5070a12f2e5ffffee74b'), u'contest': u'Colegii Juniori'}]
{"status": "0", "message": "Signup Ok. Now you can <a href='#' onclick=\"show_box('login-box'); return false;\"> login.</a>", "data": null}
1398939463.83
[{u'text': u'Prime: True|False', u'_id': ObjectId('52f9d947964026464f756a9a'), u'contest': u'Test Contest'}, {u'text': u'ab:integer numbers', u'_id': ObjectId('52f9d95cb3c4b1efb309c618'), u'contest': u'Test Contest'}, {u'text': u'Faceti din nou submit, caci au intervenit niste schimbari', u'_id': ObjectId('52ff26c27d80ac071b792723'), u'contest': u'Colegii Seniori'}, {u'text': u'Faceti din nou submit, caci au intervenit niste schimbari', u'_id': ObjectId('52ff26e77d80ac071b792724'), u'contest': u'Colegii Juniori'}, {u'text': u'Mai sunt 30 minute', u'_id': ObjectId('52ff5069a12f2e5ffffee74a'), u'contest': u'Colegii Seniori'}, {u'text': u'Mai sunt 30 minute', u'_id': ObjectId('52ff5070a12f2e5ffffee74b'), u'contest': u'Colegii Juniori'}]
{"status": "0", "message": "Signup Ok. Now you can <a href='#' onclick=\"show_box('login-box'); return false;\"> login.</a>", "data": null}
{"status": "1", "message": "User exists", "data": null}
1398940140.62
[{u'text': u'Prime: True|False', u'_id': ObjectId('52f9d947964026464f756a9a'), u'contest': u'Test Contest'}, {u'text': u'ab:integer numbers', u'_id': ObjectId('52f9d95cb3c4b1efb309c618'), u'contest': u'Test Contest'}, {u'text': u'Faceti din nou submit, caci au intervenit niste schimbari', u'_id': ObjectId('52ff26c27d80ac071b792723'), u'contest': u'Colegii Seniori'}, {u'text': u'Faceti din nou submit, caci au intervenit niste schimbari', u'_id': ObjectId('52ff26e77d80ac071b792724'), u'contest': u'Colegii Juniori'}, {u'text': u'Mai sunt 30 minute', u'_id': ObjectId('52ff5069a12f2e5ffffee74a'), u'contest': u'Colegii Seniori'}, {u'text': u'Mai sunt 30 minute', u'_id': ObjectId('52ff5070a12f2e5ffffee74b'), u'contest': u'Colegii Juniori'}]
1398940282.0
[{u'text': u'Prime: True|False', u'_id': ObjectId('52f9d947964026464f756a9a'), u'contest': u'Test Contest'}, {u'text': u'ab:integer numbers', u'_id': ObjectId('52f9d95cb3c4b1efb309c618'), u'contest': u'Test Contest'}, {u'text': u'Faceti din nou submit, caci au intervenit niste schimbari', u'_id': ObjectId('52ff26c27d80ac071b792723'), u'contest': u'Colegii Seniori'}, {u'text': u'Faceti din nou submit, caci au intervenit niste schimbari', u'_id': ObjectId('52ff26e77d80ac071b792724'), u'contest': u'Colegii Juniori'}, {u'text': u'Mai sunt 30 minute', u'_id': ObjectId('52ff5069a12f2e5ffffee74a'), u'contest': u'Colegii Seniori'}, {u'text': u'Mai sunt 30 minute', u'_id': ObjectId('52ff5070a12f2e5ffffee74b'), u'contest': u'Colegii Juniori'}]
1398940366.24
[{u'text': u'Prime: True|False', u'_id': ObjectId('52f9d947964026464f756a9a'), u'contest': u'Test Contest'}, {u'text': u'ab:integer numbers', u'_id': ObjectId('52f9d95cb3c4b1efb309c618'), u'contest': u'Test Contest'}, {u'text': u'Faceti din nou submit, caci au intervenit niste schimbari', u'_id': ObjectId('52ff26c27d80ac071b792723'), u'contest': u'Colegii Seniori'}, {u'text': u'Faceti din nou submit, caci au intervenit niste schimbari', u'_id': ObjectId('52ff26e77d80ac071b792724'), u'contest': u'Colegii Juniori'}, {u'text': u'Mai sunt 30 minute', u'_id': ObjectId('52ff5069a12f2e5ffffee74a'), u'contest': u'Colegii Seniori'}, {u'text': u'Mai sunt 30 minute', u'_id': ObjectId('52ff5070a12f2e5ffffee74b'), u'contest': u'Colegii Juniori'}]
[]
1398940613.38
[{u'text': u'Prime: True|False', u'_id': ObjectId('52f9d947964026464f756a9a'), u'contest': u'Test Contest'}, {u'text': u'ab:integer numbers', u'_id': ObjectId('52f9d95cb3c4b1efb309c618'), u'contest': u'Test Contest'}, {u'text': u'Faceti din nou submit, caci au intervenit niste schimbari', u'_id': ObjectId('52ff26c27d80ac071b792723'), u'contest': u'Colegii Seniori'}, {u'text': u'Faceti din nou submit, caci au intervenit niste schimbari', u'_id': ObjectId('52ff26e77d80ac071b792724'), u'contest': u'Colegii Juniori'}, {u'text': u'Mai sunt 30 minute', u'_id': ObjectId('52ff5069a12f2e5ffffee74a'), u'contest': u'Colegii Seniori'}, {u'text': u'Mai sunt 30 minute', u'_id': ObjectId('52ff5070a12f2e5ffffee74b'), u'contest': u'Colegii Juniori'}]
[{u'text': u'Prime: True|False', u'_id': ObjectId('52f9d947964026464f756a9a'), u'contest': u'Test Contest'}, {u'text': u'ab:integer numbers', u'_id': ObjectId('52f9d95cb3c4b1efb309c618'), u'contest': u'Test Contest'}, {u'text': u'Faceti din nou submit, caci au intervenit niste schimbari', u'_id': ObjectId('52ff26c27d80ac071b792723'), u'contest': u'Colegii Seniori'}, {u'text': u'Faceti din nou submit, caci au intervenit niste schimbari', u'_id': ObjectId('52ff26e77d80ac071b792724'), u'contest': u'Colegii Juniori'}, {u'text': u'Mai sunt 30 minute', u'_id': ObjectId('52ff5069a12f2e5ffffee74a'), u'contest': u'Colegii Seniori'}, {u'text': u'Mai sunt 30 minute', u'_id': ObjectId('52ff5070a12f2e5ffffee74b'), u'contest': u'Colegii Juniori'}]
1399045280.51
[{u'text': u'Prime: True|False', u'_id': ObjectId('52f9d947964026464f756a9a'), u'contest': u'Test Contest'}, {u'text': u'ab:integer numbers', u'_id': ObjectId('52f9d95cb3c4b1efb309c618'), u'contest': u'Test Contest'}, {u'text': u'Faceti din nou submit, caci au intervenit niste schimbari', u'_id': ObjectId('52ff26c27d80ac071b792723'), u'contest': u'Colegii Seniori'}, {u'text': u'Faceti din nou submit, caci au intervenit niste schimbari', u'_id': ObjectId('52ff26e77d80ac071b792724'), u'contest': u'Colegii Juniori'}, {u'text': u'Mai sunt 30 minute', u'_id': ObjectId('52ff5069a12f2e5ffffee74a'), u'contest': u'Colegii Seniori'}, {u'text': u'Mai sunt 30 minute', u'_id': ObjectId('52ff5070a12f2e5ffffee74b'), u'contest': u'Colegii Juniori'}]
1399045427.97
[{u'text': u'Prime: True|False', u'_id': ObjectId('52f9d947964026464f756a9a'), u'contest': u'Test Contest'}, {u'text': u'ab:integer numbers', u'_id': ObjectId('52f9d95cb3c4b1efb309c618'), u'contest': u'Test Contest'}, {u'text': u'Faceti din nou submit, caci au intervenit niste schimbari', u'_id': ObjectId('52ff26c27d80ac071b792723'), u'contest': u'Colegii Seniori'}, {u'text': u'Faceti din nou submit, caci au intervenit niste schimbari', u'_id': ObjectId('52ff26e77d80ac071b792724'), u'contest': u'Colegii Juniori'}, {u'text': u'Mai sunt 30 minute', u'_id': ObjectId('52ff5069a12f2e5ffffee74a'), u'contest': u'Colegii Seniori'}, {u'text': u'Mai sunt 30 minute', u'_id': ObjectId('52ff5070a12f2e5ffffee74b'), u'contest': u'Colegii Juniori'}]
1400099737.5
[{u'text': u'Prime: True|False', u'_id': ObjectId('52f9d947964026464f756a9a'), u'contest': u'Test Contest'}, {u'text': u'ab:integer numbers', u'_id': ObjectId('52f9d95cb3c4b1efb309c618'), u'contest': u'Test Contest'}, {u'text': u'Faceti din nou submit, caci au intervenit niste schimbari', u'_id': ObjectId('52ff26c27d80ac071b792723'), u'contest': u'Colegii Seniori'}, {u'text': u'Faceti din nou submit, caci au intervenit niste schimbari', u'_id': ObjectId('52ff26e77d80ac071b792724'), u'contest': u'Colegii Juniori'}, {u'text': u'Mai sunt 30 minute', u'_id': ObjectId('52ff5069a12f2e5ffffee74a'), u'contest': u'Colegii Seniori'}, {u'text': u'Mai sunt 30 minute', u'_id': ObjectId('52ff5070a12f2e5ffffee74b'), u'contest': u'Colegii Juniori'}]
1401457311.92
[{u'text': u'Prime: True|False', u'_id': ObjectId('52f9d947964026464f756a9a'), u'contest': u'Test Contest'}, {u'text': u'ab:integer numbers', u'_id': ObjectId('52f9d95cb3c4b1efb309c618'), u'contest': u'Test Contest'}, {u'text': u'Faceti din nou submit, caci au intervenit niste schimbari', u'_id': ObjectId('52ff26c27d80ac071b792723'), u'contest': u'Colegii Seniori'}, {u'text': u'Faceti din nou submit, caci au intervenit niste schimbari', u'_id': ObjectId('52ff26e77d80ac071b792724'), u'contest': u'Colegii Juniori'}, {u'text': u'Mai sunt 30 minute', u'_id': ObjectId('52ff5069a12f2e5ffffee74a'), u'contest': u'Colegii Seniori'}, {u'text': u'Mai sunt 30 minute', u'_id': ObjectId('52ff5070a12f2e5ffffee74b'), u'contest': u'Colegii Juniori'}]
1401457439.13
[{u'text': u'Prime: True|False', u'_id': ObjectId('52f9d947964026464f756a9a'), u'contest': u'Test Contest'}, {u'text': u'ab:integer numbers', u'_id': ObjectId('52f9d95cb3c4b1efb309c618'), u'contest': u'Test Contest'}, {u'text': u'Faceti din nou submit, caci au intervenit niste schimbari', u'_id': ObjectId('52ff26c27d80ac071b792723'), u'contest': u'Colegii Seniori'}, {u'text': u'Faceti din nou submit, caci au intervenit niste schimbari', u'_id': ObjectId('52ff26e77d80ac071b792724'), u'contest': u'Colegii Juniori'}, {u'text': u'Mai sunt 30 minute', u'_id': ObjectId('52ff5069a12f2e5ffffee74a'), u'contest': u'Colegii Seniori'}, {u'text': u'Mai sunt 30 minute', u'_id': ObjectId('52ff5070a12f2e5ffffee74b'), u'contest': u'Colegii Juniori'}]
1401878185.73
[{u'text': u'Prime: True|False', u'_id': ObjectId('52f9d947964026464f756a9a'), u'contest': u'Test Contest'}, {u'text': u'ab:integer numbers', u'_id': ObjectId('52f9d95cb3c4b1efb309c618'), u'contest': u'Test Contest'}, {u'text': u'Faceti din nou submit, caci au intervenit niste schimbari', u'_id': ObjectId('52ff26c27d80ac071b792723'), u'contest': u'Colegii Seniori'}, {u'text': u'Faceti din nou submit, caci au intervenit niste schimbari', u'_id': ObjectId('52ff26e77d80ac071b792724'), u'contest': u'Colegii Juniori'}, {u'text': u'Mai sunt 30 minute', u'_id': ObjectId('52ff5069a12f2e5ffffee74a'), u'contest': u'Colegii Seniori'}, {u'text': u'Mai sunt 30 minute', u'_id': ObjectId('52ff5070a12f2e5ffffee74b'), u'contest': u'Colegii Juniori'}]
1402047082.91
[{u'text': u'Prime: True|False', u'_id': ObjectId('52f9d947964026464f756a9a'), u'contest': u'Test Contest'}, {u'text': u'ab:integer numbers', u'_id': ObjectId('52f9d95cb3c4b1efb309c618'), u'contest': u'Test Contest'}, {u'text': u'Faceti din nou submit, caci au intervenit niste schimbari', u'_id': ObjectId('52ff26c27d80ac071b792723'), u'contest': u'Colegii Seniori'}, {u'text': u'Faceti din nou submit, caci au intervenit niste schimbari', u'_id': ObjectId('52ff26e77d80ac071b792724'), u'contest': u'Colegii Juniori'}, {u'text': u'Mai sunt 30 minute', u'_id': ObjectId('52ff5069a12f2e5ffffee74a'), u'contest': u'Colegii Seniori'}, {u'text': u'Mai sunt 30 minute', u'_id': ObjectId('52ff5070a12f2e5ffffee74b'), u'contest': u'Colegii Juniori'}]
1402774699.39
[{u'text': u'Prime: True|False', u'_id': ObjectId('52f9d947964026464f756a9a'), u'contest': u'Test Contest'}, {u'text': u'ab:integer numbers', u'_id': ObjectId('52f9d95cb3c4b1efb309c618'), u'contest': u'Test Contest'}, {u'text': u'Faceti din nou submit, caci au intervenit niste schimbari', u'_id': ObjectId('52ff26c27d80ac071b792723'), u'contest': u'Colegii Seniori'}, {u'text': u'Faceti din nou submit, caci au intervenit niste schimbari', u'_id': ObjectId('52ff26e77d80ac071b792724'), u'contest': u'Colegii Juniori'}, {u'text': u'Mai sunt 30 minute', u'_id': ObjectId('52ff5069a12f2e5ffffee74a'), u'contest': u'Colegii Seniori'}, {u'text': u'Mai sunt 30 minute', u'_id': ObjectId('52ff5070a12f2e5ffffee74b'), u'contest': u'Colegii Juniori'}]
gate
1402774984.79
[{u'text': u'Prime: True|False', u'_id': ObjectId('52f9d947964026464f756a9a'), u'contest': u'Test Contest'}, {u'text': u'ab:integer numbers', u'_id': ObjectId('52f9d95cb3c4b1efb309c618'), u'contest': u'Test Contest'}, {u'text': u'Faceti din nou submit, caci au intervenit niste schimbari', u'_id': ObjectId('52ff26c27d80ac071b792723'), u'contest': u'Colegii Seniori'}, {u'text': u'Faceti din nou submit, caci au intervenit niste schimbari', u'_id': ObjectId('52ff26e77d80ac071b792724'), u'contest': u'Colegii Juniori'}, {u'text': u'Mai sunt 30 minute', u'_id': ObjectId('52ff5069a12f2e5ffffee74a'), u'contest': u'Colegii Seniori'}, {u'text': u'Mai sunt 30 minute', u'_id': ObjectId('52ff5070a12f2e5ffffee74b'), u'contest': u'Colegii Juniori'}]
{"status": "0", "message": "Signup Ok. Now you can <a href='#' onclick=\"show_box('login-box'); return false;\"> login.</a>", "data": null}
1402775228.18
[{u'text': u'Prime: True|False', u'_id': ObjectId('52f9d947964026464f756a9a'), u'contest': u'Test Contest'}, {u'text': u'ab:integer numbers', u'_id': ObjectId('52f9d95cb3c4b1efb309c618'), u'contest': u'Test Contest'}, {u'text': u'Faceti din nou submit, caci au intervenit niste schimbari', u'_id': ObjectId('52ff26c27d80ac071b792723'), u'contest': u'Colegii Seniori'}, {u'text': u'Faceti din nou submit, caci au intervenit niste schimbari', u'_id': ObjectId('52ff26e77d80ac071b792724'), u'contest': u'Colegii Juniori'}, {u'text': u'Mai sunt 30 minute', u'_id': ObjectId('52ff5069a12f2e5ffffee74a'), u'contest': u'Colegii Seniori'}, {u'text': u'Mai sunt 30 minute', u'_id': ObjectId('52ff5070a12f2e5ffffee74b'), u'contest': u'Colegii Juniori'}]
1402775238.64
[{u'text': u'Prime: True|False', u'_id': ObjectId('52f9d947964026464f756a9a'), u'contest': u'Test Contest'}, {u'text': u'ab:integer numbers', u'_id': ObjectId('52f9d95cb3c4b1efb309c618'), u'contest': u'Test Contest'}, {u'text': u'Faceti din nou submit, caci au intervenit niste schimbari', u'_id': ObjectId('52ff26c27d80ac071b792723'), u'contest': u'Colegii Seniori'}, {u'text': u'Faceti din nou submit, caci au intervenit niste schimbari', u'_id': ObjectId('52ff26e77d80ac071b792724'), u'contest': u'Colegii Juniori'}, {u'text': u'Mai sunt 30 minute', u'_id': ObjectId('52ff5069a12f2e5ffffee74a'), u'contest': u'Colegii Seniori'}, {u'text': u'Mai sunt 30 minute', u'_id': ObjectId('52ff5070a12f2e5ffffee74b'), u'contest': u'Colegii Juniori'}]
1402906534.36
[{u'text': u'Prime: True|False', u'_id': ObjectId('52f9d947964026464f756a9a'), u'contest': u'Test Contest'}, {u'text': u'ab:integer numbers', u'_id': ObjectId('52f9d95cb3c4b1efb309c618'), u'contest': u'Test Contest'}, {u'text': u'Faceti din nou submit, caci au intervenit niste schimbari', u'_id': ObjectId('52ff26c27d80ac071b792723'), u'contest': u'Colegii Seniori'}, {u'text': u'Faceti din nou submit, caci au intervenit niste schimbari', u'_id': ObjectId('52ff26e77d80ac071b792724'), u'contest': u'Colegii Juniori'}, {u'text': u'Mai sunt 30 minute', u'_id': ObjectId('52ff5069a12f2e5ffffee74a'), u'contest': u'Colegii Seniori'}, {u'text': u'Mai sunt 30 minute', u'_id': ObjectId('52ff5070a12f2e5ffffee74b'), u'contest': u'Colegii Juniori'}]
1403203342.9
[{u'text': u'Prime: True|False', u'_id': ObjectId('52f9d947964026464f756a9a'), u'contest': u'Test Contest'}, {u'text': u'ab:integer numbers', u'_id': ObjectId('52f9d95cb3c4b1efb309c618'), u'contest': u'Test Co